<?xml version="1.0" encoding="UTF-8"?>
<!-- Generated by org.testng.reporters.JUnitReportReporter -->
<testsuite hostname="DIL-IND-QA08" failures="0" tests="1" name="com.clipboardHealth.Testcases.ExtentReportTestNG" time="12.182" errors="0" timestamp="2022-08-09T14:25:26 IST" skipped="0">
  <testcase classname="com.clipboardHealth.Testcases.ExtentReportTestNG" name="test1" time="12.182"/>
  <system-out/>
</testsuite> <!-- com.clipboardHealth.Testcases.ExtentReportTestNG -->
