<?xml version="1.0" encoding="UTF-8"?>
<!-- Generated by org.testng.reporters.JUnitReportReporter -->
<testsuite hostname="DIL-IND-QA08" failures="0" tests="1" name="com.vitamojo.Testcases.HomePage" time="34.793" errors="0" timestamp="2022-08-29T11:22:28 IST" skipped="0">
  <testcase classname="com.vitamojo.Testcases.HomePage" name="test1" time="34.793"/>
  <system-out/>
</testsuite> <!-- com.vitamojo.Testcases.HomePage -->
